<?xml version="1.0" encoding="UTF-8"?>
<!-- Generated by org.testng.reporters.JUnitReportReporter -->
<testsuite hostname="Shivashankar" failures="0" tests="1" name="data.BaseClass" time="16.701" errors="0" timestamp="03 Jan 2023 05:54:16 GMT" skipped="0">
  <testcase classname="data.BaseClass" name="test" time="16.701"/>
</testsuite> <!-- data.BaseClass -->
