<?xml version="1.0" encoding="UTF-8"?>
<!-- Generated by org.testng.reporters.JUnitReportReporter -->
<testsuite hostname="Shivashankar" failures="0" tests="1" name="data.PomBaseClass" time="13.680" errors="0" timestamp="04 Jan 2023 06:51:55 GMT" skipped="0">
  <testcase classname="data.PomBaseClass" name="m1" time="13.680"/>
</testsuite> <!-- data.PomBaseClass -->
